Command: ./simv +fsdb+autoflush -l sim.log
Chronologic VCS simulator copyright 1991-2016
Contains Synopsys proprietary information.
Compiler version L-2016.06_Full64; Runtime version L-2016.06_Full64;  Sep 22 20:41 2019
*Verdi3* Loading libsscore_vcs201606.so
*Verdi3* : FSDB_GATE is set.
*Verdi3* : FSDB_RTL is set.
*Verdi3* : Enable Parallel Dumping.
FSDB Dumper for VCS, Release Verdi3_L-2016.06-1, Linux x86_64/64bit, 07/10/2016
(C) 1996 - 2016 by Synopsys, Inc.
*Verdi3* FSDB WARNING: The FSDB file already exists. Overwriting the FSDB file may crash the programs that are using this file.
*Verdi3* : Create FSDB file 'tb_mem.fsdb'
*Verdi3* : Begin traversing the scopes, layer (0).
*Verdi3* : End of traversing.
*Verdi3* : fsdbDumpon - All FSDB files at 0 ns.
                   0read_write = x; data =          x, addr =          x
                  10read_write = 1; data =          4, addr =          1
                  20read_write = 1; data =          5, addr =          2
                  30read_write = 1; data =          6, addr =          3
                  40read_write = 1; data =          7, addr =          4
                  50read_write = 1; data =          8, addr =          5
$finish called from file "tb_mem.v", line 29.
$finish at simulation time                 2045
           V C S   S i m u l a t i o n   R e p o r t 
Time: 2045 ns
CPU Time:      0.340 seconds;       Data structure size:   0.0Mb
Sun Sep 22 20:41:32 2019
